<?xml version="1.0" encoding="UTF-8"?>
<!-- Generated by org.testng.reporters.JUnitReportReporter -->
<testsuite hostname="WIN-M4ALLFSO9QO" name="test.TestPrvi" tests="1" failures="0" timestamp="4 Nov 2016 14:25:07 GMT" time="0.671" errors="0">
  <testcase name="f" time="0.671" classname="test.TestPrvi"/>
</testsuite> <!-- test.TestPrvi -->
