<?xml version="1.0" encoding="UTF-8"?>
<!-- Generated by org.testng.reporters.JUnitReportReporter -->
<testsuite hostname="WIN-M4ALLFSO9QO" name="Test1" tests="1" failures="0" timestamp="28 Oct 2016 13:52:59 GMT" time="11.878" errors="0">
  <testcase name="test1" time="11.878" classname="Test1"/>
</testsuite> <!-- Test1 -->
