<?xml version="1.0" encoding="UTF-8"?>
<!-- Generated by org.testng.reporters.JUnitReportReporter -->
<testsuite hostname="WIN-M4ALLFSO9QO" name="test.TestRegistration" tests="1" failures="0" timestamp="2 Dec 2016 14:57:48 GMT" time="3.476" errors="0">
  <testcase name="test" time="3.476" classname="test.TestRegistration"/>
</testsuite> <!-- test.TestRegistration -->
