<?xml version="1.0" encoding="UTF-8"?>
<!-- Generated by org.testng.reporters.JUnitReportReporter -->
<testsuite hostname="WIN-M4ALLFSO9QO" name="test.TestDrugi" tests="1" failures="0" timestamp="25 Nov 2016 14:16:06 GMT" time="3.274" errors="0">
  <testcase name="test" time="3.274" classname="test.TestDrugi"/>
</testsuite> <!-- test.TestDrugi -->
